android_studio/golukMobile/build/outputs/logs/manifest-merger-debug-report.txt
-- Merging decision tree log ---
manifest
ADDED from src\main\AndroidManifest.xml:2:1-682:12
	xmlns:android
		ADDED from src\main\AndroidManifest.xml:2:11-69
	package
		ADDED from src\main\AndroidManifest.xml:3:5-41
		INJECTED from src\main\AndroidManifest.xml
		INJECTED from src\main\AndroidManifest.xml
	android:versionName
		ADDED from src\main\AndroidManifest.xml:5:5-37
		INJECTED from src\main\AndroidManifest.xml
		INJECTED from src\main\AndroidManifest.xml
	android:versionCode
		ADDED from src\main\AndroidManifest.xml:4:5-30
		INJECTED from src\main\AndroidManifest.xml
		INJECTED from src\main\AndroidManifest.xml
uses-sdk
ADDED from src\main\AndroidManifest.xml:7:5-44
MERGED from [android_studio:guideMain:unspecified] AndroidManifest.xml:5:5-7:41
MERGED from [android_studio:emojicon:unspecified] AndroidManifest.xml:6:5-60
MERGED from [android_studio:commonGoluk:unspecified] AndroidManifest.xml:7:5-9:41
MERGED from [android_studio:systemAPI:unspecified] AndroidManifest.xml:7:5-9:41
MERGED from [android_studio:initActivity:unspecified] AndroidManifest.xml:7:5-9:40
	android:targetSdkVersion
		INJECTED from src\main\AndroidManifest.xml
		INJECTED from src\main\AndroidManifest.xml
	android:minSdkVersion
		ADDED from src\main\AndroidManifest.xml:7:15-41
		INJECTED from src\main\AndroidManifest.xml
		MERGED from src\main\AndroidManifest.xml:7:15-41
		INJECTED from src\main\AndroidManifest.xml
	tools:overrideLibrary
		ADDED from [android_studio:emojicon:unspecified] AndroidManifest.xml:6:15-57
application
ADDED from src\main\AndroidManifest.xml:9:5-609:19
MERGED from [android_studio:guideMain:unspecified] AndroidManifest.xml:9:5-14:19
MERGED from [android_studio:emojicon:unspecified] AndroidManifest.xml:8:5-9:19
MERGED from [android_studio:commonGoluk:unspecified] AndroidManifest.xml:11:5-12:19
MERGED from [android_studio:systemAPI:unspecified] AndroidManifest.xml:11:5-12:19
MERGED from [android_studio:initActivity:unspecified] AndroidManifest.xml:15:5-22:19
	android:label
		ADDED from src\main\AndroidManifest.xml:14:9-41
	android:allowBackup
		ADDED from src\main\AndroidManifest.xml:11:9-35
	android:icon
		ADDED from src\main\AndroidManifest.xml:13:9-45
	android:hardwareAccelerated
		ADDED from src\main\AndroidManifest.xml:12:9-44
	android:largeHeap
		ADDED from src\main\AndroidManifest.xml:15:9-33
	android:name
		ADDED from src\main\AndroidManifest.xml:10:9-64
activity#com.mobnote.golukmobile.GuideActivity
ADDED from src\main\AndroidManifest.xml:16:9-26:20
	android:screenOrientation
		ADDED from src\main\AndroidManifest.xml:19:13-49
	android:label
		ADDED from src\main\AndroidManifest.xml:18:13-45
	android:theme
		ADDED from src\main\AndroidManifest.xml:20:13-54
	android:name
		ADDED from src\main\AndroidManifest.xml:17:13-65
intent-filter#android.intent.action.MAIN+android.intent.category.LAUNCHER
ADDED from src\main\AndroidManifest.xml:21:13-25:29
action#android.intent.action.MAIN
ADDED from src\main\AndroidManifest.xml:22:17-69
	android:name
		ADDED from src\main\AndroidManifest.xml:22:25-66
category#android.intent.category.LAUNCHER
ADDED from src\main\AndroidManifest.xml:24:17-77
	android:name
		ADDED from src\main\AndroidManifest.xml:24:27-74
activity#com.mobnote.golukmain.ExternalStartActivity
ADDED from src\main\AndroidManifest.xml:27:9-42:20
	android:theme
		ADDED from src\main\AndroidManifest.xml:30:13-53
	android:name
		ADDED from src\main\AndroidManifest.xml:28:13-71
	android:launchMode
		ADDED from src\main\AndroidManifest.xml:29:13-44
intent-filter#android.intent.action.VIEW+android.intent.category.BROWSABLE+android.intent.category.DEFAULT
ADDED from src\main\AndroidManifest.xml:33:13-41:29
action#android.intent.action.VIEW
ADDED from src\main\AndroidManifest.xml:34:17-69
	android:name
		ADDED from src\main\AndroidManifest.xml:34:25-66
category#android.intent.category.BROWSABLE
ADDED from src\main\AndroidManifest.xml:36:17-78
	android:name
		ADDED from src\main\AndroidManifest.xml:36:27-75
category#android.intent.category.DEFAULT
ADDED from src\main\AndroidManifest.xml:37:17-76
	android:name
		ADDED from src\main\AndroidManifest.xml:37:27-73
data
ADDED from src\main\AndroidManifest.xml:39:17-51
	android:scheme
		ADDED from src\main\AndroidManifest.xml:39:23-48
activity#com.mobnote.golukmain.comment.CommentActivity
ADDED from src\main\AndroidManifest.xml:43:9-48:20
	android:windowSoftInputMode
		ADDED from src\main\AndroidManifest.xml:47:13-67
	android:screenOrientation
		ADDED from src\main\AndroidManifest.xml:46:13-49
	android:configChanges
		ADDED from src\main\AndroidManifest.xml:45:13-74
	android:name
		ADDED from src\main\AndroidManifest.xml:44:13-73
activity#com.mobnote.golukmain.usercenter.NewUserCenterActivity
ADDED from src\main\AndroidManifest.xml:49:9-52:52
	android:screenOrientation
		ADDED from src\main\AndroidManifest.xml:52:13-49
	android:hardwareAccelerated
		ADDED from src\main\AndroidManifest.xml:51:13-47
	android:name
		ADDED from src\main\AndroidManifest.xml:50:13-82
activity#com.mobnote.golukmain.UserStartActivity
ADDED from src\main\AndroidManifest.xml:55:9-57:52
	android:screenOrientation
		ADDED from src\main\AndroidManifest.xml:57:13-49
	android:name
		ADDED from src\main\AndroidManifest.xml:56:13-67
activity#com.mobnote.golukmain.UserLoginActivity
ADDED from src\main\AndroidManifest.xml:58:9-61:63
	android:windowSoftInputMode
		ADDED from src\main\AndroidManifest.xml:61:13-60
	android:screenOrientation
		ADDED from src\main\AndroidManifest.xml:60:13-49
	android:name
		ADDED from src\main\AndroidManifest.xml:59:13-67
activity#com.mobnote.golukmain.UserRegistActivity
ADDED from src\main\AndroidManifest.xml:62:9-64:52
	android:screenOrientation
		ADDED from src\main\AndroidManifest.xml:64:13-49
	android:name
		ADDED from src\main\AndroidManifest.xml:63:13-68
activity#com.mobnote.golukmain.UserRepwdActivity
ADDED from src\main\AndroidManifest.xml:65:9-67:52
	android:screenOrientation
		ADDED from src\main\AndroidManifest.xml:67:13-49
	android:name
		ADDED from src\main\AndroidManifest.xml:66:13-67
activity#com.mobnote.golukmain.UserIdentifyActivity
ADDED from src\main\AndroidManifest.xml:68:9-70:52
	android:screenOrientation
		ADDED from src\main\AndroidManifest.xml:70:13-49
	android:name
		ADDED from src\main\AndroidManifest.xml:69:13-70
activity#com.mobnote.golukmain.internation.login.InternationUserLoginActivity
ADDED from src\main\AndroidManifest.xml:71:9-74:63
	android:windowSoftInputMode
		ADDED from src\main\AndroidManifest.xml:74:13-60
	android:screenOrientation
		ADDED from src\main\AndroidManifest.xml:73:13-49
	android:name
		ADDED from src\main\AndroidManifest.xml:72:13-96
activity#com.mobnote.golukmain.internation.login.InternationUserRegistActivity
ADDED from src\main\AndroidManifest.xml:75:9-77:52
	android:screenOrientation
		ADDED from src\main\AndroidManifest.xml:77:13-49
	android:name
		ADDED from src\main\AndroidManifest.xml:76:13-97
activity#com.mobnote.golukmain.internation.login.InternationUserRepwdActivity
ADDED from src\main\AndroidManifest.xml:78:9-80:52
	android:screenOrientation
		ADDED from src\main\AndroidManifest.xml:80:13-49
	android:name
		ADDED from src\main\AndroidManifest.xml:79:13-96
activity#com.mobnote.golukmain.internation.login.InternationUserIdentifyActivity
ADDED from src\main\AndroidManifest.xml:81:9-83:52
	android:screenOrientation
		ADDED from src\main\AndroidManifest.xml:83:13-49
	android:name
		ADDED from src\main\AndroidManifest.xml:82:13-99
activity#com.mobnote.golukmain.UserPersonalInfoActivity
ADDED from src\main\AndroidManifest.xml:85:9-88:52
	android:screenOrientation
		ADDED from src\main\AndroidManifest.xml:88:13-49
	android:configChanges
		ADDED from src\main\AndroidManifest.xml:87:13-74
	android:name
		ADDED from src\main\AndroidManifest.xml:86:13-74
activity#com.mobnote.golukmain.UserPersonalEditActivity
ADDED from src\main\AndroidManifest.xml:89:9-91:52
	android:screenOrientation
		ADDED from src\main\AndroidManifest.xml:91:13-49
	android:name
		ADDED from src\main\AndroidManifest.xml:90:13-74
activity#com.mobnote.golukmain.UserPersonalSignActivity
ADDED from src\main\AndroidManifest.xml:92:9-94:52
	android:screenOrientation
		ADDED from src\main\AndroidManifest.xml:94:13-49
	android:name
		ADDED from src\main\AndroidManifest.xml:93:13-74
activity#com.mobnote.golukmain.UserPersonalNameActivity
ADDED from src\main\AndroidManifest.xml:95:9-97:52
	android:screenOrientation
		ADDED from src\main\AndroidManifest.xml:97:13-49
	android:name
		ADDED from src\main\AndroidManifest.xml:96:13-74
activity#com.mobnote.golukmain.UserPersonalHeadActivity
ADDED from src\main\AndroidManifest.xml:98:9-100:52
	android:screenOrientation
		ADDED from src\main\AndroidManifest.xml:100:13-49
	android:name
		ADDED from src\main\AndroidManifest.xml:99:13-74
activity#com.mobnote.golukmain.UnbindActivity
ADDED from src\main\AndroidManifest.xml:101:9-103:52
	android:screenOrientation
		ADDED from src\main\AndroidManifest.xml:103:13-49
	android:name
		ADDED from src\main\AndroidManifest.xml:102:13-64
activity#com.mobnote.golukmain.UserSetupChangeWifiActivity
ADDED from src\main\AndroidManifest.xml:104:9-106:52
	android:screenOrientation
		ADDED from src\main\AndroidManifest.xml:106:13-49
	android:name
		ADDED from src\main\AndroidManifest.xml:105:13-77
activity#com.mobnote.golukmain.IndexMoreActivity
ADDED from src\main\AndroidManifest.xml:107:9-109:52
	android:screenOrientation
		ADDED from src\main\AndroidManifest.xml:109:13-49
	android:name
		ADDED from src\main\AndroidManifest.xml:108:13-67
activity#com.mobnote.golukmain.UserSetupActivity
ADDED from src\main\AndroidManifest.xml:110:9-112:52
	android:screenOrientation
		ADDED from src\main\AndroidManifest.xml:112:13-49
	android:name
		ADDED from src\main\AndroidManifest.xml:111:13-67
activity#com.mobnote.golukmain.UpdateActivity
ADDED from src\main\AndroidManifest.xml:113:9-115:52
	android:screenOrientation
		ADDED from src\main\AndroidManifest.xml:115:13-49
	android:name
		ADDED from src\main\AndroidManifest.xml:114:13-64
activity#com.mobnote.golukmain.UserVersionActivity
ADDED from src\main\AndroidManifest.xml:116:9-118:52
	android:screenOrientation
		ADDED from src\main\AndroidManifest.xml:118:13-49
	android:name
		ADDED from src\main\AndroidManifest.xml:117:13-69
activity#com.mobnote.golukmain.UserOpinionActivity
ADDED from src\main\AndroidManifest.xml:119:9-121:52
	android:screenOrientation
		ADDED from src\main\AndroidManifest.xml:121:13-49
	android:name
		ADDED from src\main\AndroidManifest.xml:120:13-69
activity#com.mobnote.golukmain.UserOpenUrlActivity
ADDED from src\main\AndroidManifest.xml:122:9-125:52
	android:screenOrientation
		ADDED from src\main\AndroidManifest.xml:125:13-49
	android:hardwareAccelerated
		ADDED from src\main\AndroidManifest.xml:124:13-47
	android:name
		ADDED from src\main\AndroidManifest.xml:123:13-69
activity#com.mobnote.golukmain.videodetail.VideoDetailActivity
ADDED from src\main\AndroidManifest.xml:126:9-130:70
	android:windowSoftInputMode
		ADDED from src\main\AndroidManifest.xml:130:13-67
	android:screenOrientation
		ADDED from src\main\AndroidManifest.xml:129:13-49
	android:hardwareAccelerated
		ADDED from src\main\AndroidManifest.xml:128:13-47
	android:name
		ADDED from src\main\AndroidManifest.xml:127:13-81
activity#com.mobnote.golukmain.ImageClipActivity
ADDED from src\main\AndroidManifest.xml:131:9-135:49
	android:screenOrientation
		ADDED from src\main\AndroidManifest.xml:134:13-49
	android:configChanges
		ADDED from src\main\AndroidManifest.xml:133:13-74
	android:hardwareAccelerated
		ADDED from src\main\AndroidManifest.xml:135:13-47
	android:name
		ADDED from src\main\AndroidManifest.xml:132:13-67
activity#com.mobnote.golukmain.profit.MyProfitActivity
ADDED from src\main\AndroidManifest.xml:136:9-138:52
	android:screenOrientation
		ADDED from src\main\AndroidManifest.xml:138:13-49
	android:name
		ADDED from src\main\AndroidManifest.xml:137:13-73
activity#com.mobnote.golukmain.profit.MyProfitDetailActivity
ADDED from src\main\AndroidManifest.xml:139:9-141:52
	android:screenOrientation
		ADDED from src\main\AndroidManifest.xml:141:13-49
	android:name
		ADDED from src\main\AndroidManifest.xml:140:13-79
activity#com.mobnote.golukmain.following.FollowingListActivity
ADDED from src\main\AndroidManifest.xml:142:9-144:52
	android:screenOrientation
		ADDED from src\main\AndroidManifest.xml:144:13-49
	android:name
		ADDED from src\main\AndroidManifest.xml:143:13-81
activity#com.mobnote.golukmain.fan.FanListActivity
ADDED from src\main\AndroidManifest.xml:145:9-147:52
	android:screenOrientation
		ADDED from src\main\AndroidManifest.xml:147:13-49
	android:name
		ADDED from src\main\AndroidManifest.xml:146:13-69
receiver#com.mobnote.receiver.NetworkStateReceiver
ADDED from src\main\AndroidManifest.xml:150:9-156:20
	android:name
		ADDED from src\main\AndroidManifest.xml:150:19-75
intent-filter#android.intent.category.DEFAULT+android.net.conn.CONNECTIVITY_CHANGE
ADDED from src\main\AndroidManifest.xml:151:13-155:29
action#android.net.conn.CONNECTIVITY_CHANGE
ADDED from src\main\AndroidManifest.xml:152:17-79
	android:name
		ADDED from src\main\AndroidManifest.xml:152:25-76
receiver#com.mobnote.golukmain.xdpush.GolukClickNotificationReceiver
ADDED from src\main\AndroidManifest.xml:157:9-165:20
	android:exported
		ADDED from src\main\AndroidManifest.xml:159:13-36
	android:name
		ADDED from src\main\AndroidManifest.xml:158:13-87
intent-filter#android.intent.category.DEFAULT+cn.com.goluk.broadcast.clicknotification
ADDED from src\main\AndroidManifest.xml:160:13-164:29
action#cn.com.goluk.broadcast.clicknotification
ADDED from src\main\AndroidManifest.xml:161:17-83
	android:name
		ADDED from src\main\AndroidManifest.xml:161:25-80
service#com.baidu.location.f
ADDED from src\main\AndroidManifest.xml:167:9-171:19
	android:process
		ADDED from src\main\AndroidManifest.xml:170:13-38
	android:enabled
		ADDED from src\main\AndroidManifest.xml:169:13-35
	android:name
		ADDED from src\main\AndroidManifest.xml:168:13-48
activity#com.mobnote.golukmain.videosuqare.VideoCategoryActivity
ADDED from src\main\AndroidManifest.xml:173:9-177:52
	android:screenOrientation
		ADDED from src\main\AndroidManifest.xml:177:13-49
	android:configChanges
		ADDED from src\main\AndroidManifest.xml:175:13-74
	android:hardwareAccelerated
		ADDED from src\main\AndroidManifest.xml:176:13-47
	android:name
		ADDED from src\main\AndroidManifest.xml:174:13-83
activity#com.mobnote.golukmain.startshare.VideoEditActivity
ADDED from src\main\AndroidManifest.xml:178:9-183:88
	android:windowSoftInputMode
		ADDED from src\main\AndroidManifest.xml:183:13-85
	android:screenOrientation
		ADDED from src\main\AndroidManifest.xml:181:13-49
	android:configChanges
		ADDED from src\main\AndroidManifest.xml:180:13-74
	android:theme
		ADDED from src\main\AndroidManifest.xml:182:13-60
	android:name
		ADDED from src\main\AndroidManifest.xml:179:13-78
activity#com.mobnote.golukmain.MainActivity
ADDED from src\main\AndroidManifest.xml:184:9-190:55
	android:windowSoftInputMode
		ADDED from src\main\AndroidManifest.xml:190:13-52
	android:screenOrientation
		ADDED from src\main\AndroidManifest.xml:189:13-49
	android:configChanges
		ADDED from src\main\AndroidManifest.xml:186:13-74
	android:hardwareAccelerated
		ADDED from src\main\AndroidManifest.xml:187:13-47
	android:name
		ADDED from src\main\AndroidManifest.xml:185:13-62
	android:launchMode
		ADDED from src\main\AndroidManifest.xml:188:13-44
activity#com.mobnote.golukmain.wifibind.WiFiLinkListActivity
ADDED from src\main\AndroidManifest.xml:191:9-194:52
	android:screenOrientation
		ADDED from src\main\AndroidManifest.xml:194:13-49
	android:configChanges
		ADDED from src\main\AndroidManifest.xml:193:13-74
	android:name
		ADDED from src\main\AndroidManifest.xml:192:13-79
activity#com.mobnote.golukmain.wifibind.WiFiLinkCompleteActivity
ADDED from src\main\AndroidManifest.xml:195:9-198:52
	android:screenOrientation
		ADDED from src\main\AndroidManifest.xml:198:13-49
	android:configChanges
		ADDED from src\main\AndroidManifest.xml:197:13-74
	android:name
		ADDED from src\main\AndroidManifest.xml:196:13-83
activity#com.mobnote.golukmain.carrecorder.CarRecorderActivity
ADDED from src\main\AndroidManifest.xml:199:9-204:63
	android:screenOrientation
		ADDED from src\main\AndroidManifest.xml:203:13-49
	android:configChanges
		ADDED from src\main\AndroidManifest.xml:201:13-74
	android:theme
		ADDED from src\main\AndroidManifest.xml:204:13-60
	android:hardwareAccelerated
		ADDED from src\main\AndroidManifest.xml:202:13-47
	android:name
		ADDED from src\main\AndroidManifest.xml:200:13-81
activity#com.mobnote.golukmain.carrecorder.settings.SettingsActivity
ADDED from src\main\AndroidManifest.xml:205:9-209:20
	android:screenOrientation
		ADDED from src\main\AndroidManifest.xml:207:13-49
	android:theme
		ADDED from src\main\AndroidManifest.xml:208:13-60
	android:name
		ADDED from src\main\AndroidManifest.xml:206:13-87
activity#com.mobnote.golukmain.carrecorder.settings.TSettingsActivity
ADDED from src\main\AndroidManifest.xml:210:9-214:20
	android:screenOrientation
		ADDED from src\main\AndroidManifest.xml:212:13-49
	android:theme
		ADDED from src\main\AndroidManifest.xml:213:13-60
	android:name
		ADDED from src\main\AndroidManifest.xml:211:13-88
activity#com.mobnote.golukmain.carrecorder.settings.CarrecoderKitSettingActivity
ADDED from src\main\AndroidManifest.xml:215:9-219:20
	android:screenOrientation
		ADDED from src\main\AndroidManifest.xml:217:13-49
	android:theme
		ADDED from src\main\AndroidManifest.xml:218:13-60
	android:name
		ADDED from src\main\AndroidManifest.xml:216:13-99
activity#com.mobnote.golukmain.live.LiveActivity
ADDED from src\main\AndroidManifest.xml:220:9-223:52
	android:screenOrientation
		ADDED from src\main\AndroidManifest.xml:223:13-49
	android:configChanges
		ADDED from src\main\AndroidManifest.xml:222:13-74
	android:name
		ADDED from src\main\AndroidManifest.xml:221:13-67
activity#com.mobnote.golukmain.livevideo.BaidumapLiveActivity
ADDED from src\main\AndroidManifest.xml:224:9-227:52
	android:screenOrientation
		ADDED from src\main\AndroidManifest.xml:227:13-49
	android:configChanges
		ADDED from src\main\AndroidManifest.xml:226:13-74
	android:name
		ADDED from src\main\AndroidManifest.xml:225:13-80
activity#com.mobnote.golukmain.livevideo.GooglemapLiveActivity
ADDED from src\main\AndroidManifest.xml:228:9-231:52
	android:screenOrientation
		ADDED from src\main\AndroidManifest.xml:231:13-49
	android:configChanges
		ADDED from src\main\AndroidManifest.xml:230:13-74
	android:name
		ADDED from src\main\AndroidManifest.xml:229:13-81
activity#com.mobnote.golukmain.player.VitamioPlayerActivity
ADDED from src\main\AndroidManifest.xml:232:9-238:20
	android:screenOrientation
		ADDED from src\main\AndroidManifest.xml:236:13-50
	android:configChanges
		ADDED from src\main\AndroidManifest.xml:234:13-74
	android:theme
		ADDED from src\main\AndroidManifest.xml:237:13-71
	android:process
		ADDED from src\main\AndroidManifest.xml:235:13-39
	android:name
		ADDED from src\main\AndroidManifest.xml:233:13-78
activity#com.mobnote.golukmain.carrecorder.base.CarRecordBaseActivity
ADDED from src\main\AndroidManifest.xml:239:9-243:20
	android:screenOrientation
		ADDED from src\main\AndroidManifest.xml:241:13-49
	android:theme
		ADDED from src\main\AndroidManifest.xml:242:13-60
	android:name
		ADDED from src\main\AndroidManifest.xml:240:13-88
activity#com.mobnote.golukmain.carrecorder.settings.VersionActivity
ADDED from src\main\AndroidManifest.xml:244:9-248:20
	android:screenOrientation
		ADDED from src\main\AndroidManifest.xml:246:13-49
	android:theme
		ADDED from src\main\AndroidManifest.xml:247:13-60
	android:name
		ADDED from src\main\AndroidManifest.xml:245:13-86
activity#com.mobnote.golukmain.carrecorder.settings.FormatSDCardActivity
ADDED from src\main\AndroidManifest.xml:249:9-253:20
	android:screenOrientation
		ADDED from src\main\AndroidManifest.xml:251:13-49
	android:theme
		ADDED from src\main\AndroidManifest.xml:252:13-60
	android:name
		ADDED from src\main\AndroidManifest.xml:250:13-91
activity#com.mobnote.golukmain.carrecorder.settings.ImpactSensitivityActivity
ADDED from src\main\AndroidManifest.xml:254:9-258:20
	android:screenOrientation
		ADDED from src\main\AndroidManifest.xml:256:13-49
	android:theme
		ADDED from src\main\AndroidManifest.xml:257:13-60
	android:name
		ADDED from src\main\AndroidManifest.xml:255:13-96
activity#com.mobnote.golukmain.carrecorder.settings.VideoQualityActivity
ADDED from src\main\AndroidManifest.xml:259:9-263:20
	android:screenOrientation
		ADDED from src\main\AndroidManifest.xml:261:13-49
	android:theme
		ADDED from src\main\AndroidManifest.xml:262:13-60
	android:name
		ADDED from src\main\AndroidManifest.xml:260:13-91
activity#com.mobnote.golukmain.carrecorder.settings.SettingsItemActivity
ADDED from src\main\AndroidManifest.xml:264:9-268:20
	android:screenOrientation
		ADDED from src\main\AndroidManifest.xml:266:13-49
	android:theme
		ADDED from src\main\AndroidManifest.xml:267:13-60
	android:name
		ADDED from src\main\AndroidManifest.xml:265:13-91
activity#com.mobnote.golukmain.carrecorder.settings.PhotoQualityActivity
ADDED from src\main\AndroidManifest.xml:269:9-273:20
	android:screenOrientation
		ADDED from src\main\AndroidManifest.xml:271:13-49
	android:theme
		ADDED from src\main\AndroidManifest.xml:272:13-60
	android:name
		ADDED from src\main\AndroidManifest.xml:270:13-91
activity#com.mobnote.golukmain.carrecorder.settings.StorageCpacityQueryActivity
ADDED from src\main\AndroidManifest.xml:274:9-278:20
	android:screenOrientation
		ADDED from src\main\AndroidManifest.xml:276:13-49
	android:theme
		ADDED from src\main\AndroidManifest.xml:277:13-60
	android:name
		ADDED from src\main\AndroidManifest.xml:275:13-98
activity#com.mobnote.golukmain.carrecorder.settings.TimeSettingActivity
ADDED from src\main\AndroidManifest.xml:279:9-283:20
	android:screenOrientation
		ADDED from src\main\AndroidManifest.xml:281:13-49
	android:theme
		ADDED from src\main\AndroidManifest.xml:282:13-60
	android:name
		ADDED from src\main\AndroidManifest.xml:280:13-90
activity#com.mobnote.golukmain.player.VideoPlayerActivity
ADDED from src\main\AndroidManifest.xml:284:9-290:20
	android:screenOrientation
		ADDED from src\main\AndroidManifest.xml:288:13-50
	android:configChanges
		ADDED from src\main\AndroidManifest.xml:286:13-74
	android:theme
		ADDED from src\main\AndroidManifest.xml:289:13-71
	android:hardwareAccelerated
		ADDED from src\main\AndroidManifest.xml:287:13-47
	android:name
		ADDED from src\main\AndroidManifest.xml:285:13-76
activity#com.mobnote.golukmain.player.MovieActivity
ADDED from src\main\AndroidManifest.xml:291:9-297:20
	android:screenOrientation
		ADDED from src\main\AndroidManifest.xml:295:13-50
	android:configChanges
		ADDED from src\main\AndroidManifest.xml:293:13-74
	android:theme
		ADDED from src\main\AndroidManifest.xml:296:13-71
	android:hardwareAccelerated
		ADDED from src\main\AndroidManifest.xml:294:13-47
	android:name
		ADDED from src\main\AndroidManifest.xml:292:13-70
activity#com.mobnote.golukmain.special.SpecialListActivity
ADDED from src\main\AndroidManifest.xml:298:9-303:20
	android:screenOrientation
		ADDED from src\main\AndroidManifest.xml:301:13-49
	android:theme
		ADDED from src\main\AndroidManifest.xml:302:13-60
	android:hardwareAccelerated
		ADDED from src\main\AndroidManifest.xml:300:13-47
	android:name
		ADDED from src\main\AndroidManifest.xml:299:13-77
activity#com.mobnote.golukmain.special.ClusterListActivity
ADDED from src\main\AndroidManifest.xml:304:9-308:20
	android:screenOrientation
		ADDED from src\main\AndroidManifest.xml:306:13-49
	android:theme
		ADDED from src\main\AndroidManifest.xml:307:13-60
	android:name
		ADDED from src\main\AndroidManifest.xml:305:13-77
activity#com.mobnote.golukmain.usercenter.UserCenterActivity
ADDED from src\main\AndroidManifest.xml:309:9-313:20
	android:screenOrientation
		ADDED from src\main\AndroidManifest.xml:312:13-49
	android:hardwareAccelerated
		ADDED from src\main\AndroidManifest.xml:311:13-47
	android:name
		ADDED from src\main\AndroidManifest.xml:310:13-79
activity#com.mobnote.golukmain.usercenter.UserVideoCategoryActivity
ADDED from src\main\AndroidManifest.xml:314:9-318:20
	android:screenOrientation
		ADDED from src\main\AndroidManifest.xml:317:13-49
	android:hardwareAccelerated
		ADDED from src\main\AndroidManifest.xml:316:13-47
	android:name
		ADDED from src\main\AndroidManifest.xml:315:13-86
activity#com.mobnote.golukmain.promotion.PromotionActivity
ADDED from src\main\AndroidManifest.xml:319:9-322:63
	android:screenOrientation
		ADDED from src\main\AndroidManifest.xml:321:13-49
	android:theme
		ADDED from src\main\AndroidManifest.xml:322:13-60
	android:name
		ADDED from src\main\AndroidManifest.xml:320:13-77
activity#com.tencent.tauth.AuthActivity
ADDED from src\main\AndroidManifest.xml:324:9-336:20
	android:noHistory
		ADDED from src\main\AndroidManifest.xml:327:13-37
	android:name
		ADDED from src\main\AndroidManifest.xml:325:13-58
	android:launchMode
		ADDED from src\main\AndroidManifest.xml:326:13-44
activity#com.tencent.connect.common.AssistActivity
ADDED from src\main\AndroidManifest.xml:337:9-341:20
	android:screenOrientation
		ADDED from src\main\AndroidManifest.xml:339:13-49
	android:theme
		ADDED from src\main\AndroidManifest.xml:340:13-72
	android:name
		ADDED from src\main\AndroidManifest.xml:338:13-69
activity#cn.com.mobnote.golukmobile.wxapi.WXEntryActivity
ADDED from src\main\AndroidManifest.xml:342:9-347:75
	android:screenOrientation
		ADDED from src\main\AndroidManifest.xml:346:13-49
	android:configChanges
		ADDED from src\main\AndroidManifest.xml:344:13-74
	android:theme
		ADDED from src\main\AndroidManifest.xml:347:13-72
	android:exported
		ADDED from src\main\AndroidManifest.xml:345:13-36
	android:name
		ADDED from src\main\AndroidManifest.xml:343:13-76
activity#com.mobnote.golukmain.newest.RecomVideoActivity
ADDED from src\main\AndroidManifest.xml:348:9-354:20
	android:windowSoftInputMode
		ADDED from src\main\AndroidManifest.xml:353:13-55
	android:screenOrientation
		ADDED from src\main\AndroidManifest.xml:351:13-49
	android:configChanges
		ADDED from src\main\AndroidManifest.xml:350:13-74
	android:theme
		ADDED from src\main\AndroidManifest.xml:352:13-61
	android:name
		ADDED from src\main\AndroidManifest.xml:349:13-75
activity#com.mobnote.golukmain.PushSettingActivity
ADDED from src\main\AndroidManifest.xml:355:9-361:20
	android:windowSoftInputMode
		ADDED from src\main\AndroidManifest.xml:360:13-55
	android:screenOrientation
		ADDED from src\main\AndroidManifest.xml:358:13-49
	android:configChanges
		ADDED from src\main\AndroidManifest.xml:357:13-74
	android:theme
		ADDED from src\main\AndroidManifest.xml:359:13-61
	android:name
		ADDED from src\main\AndroidManifest.xml:356:13-69
activity#com.mobnote.golukmain.adas.AdasVerificationActivity
ADDED from src\main\AndroidManifest.xml:362:9-366:63
	android:screenOrientation
		ADDED from src\main\AndroidManifest.xml:365:13-49
	android:configChanges
		ADDED from src\main\AndroidManifest.xml:364:13-74
	android:theme
		ADDED from src\main\AndroidManifest.xml:366:13-60
	android:name
		ADDED from src\main\AndroidManifest.xml:363:13-79
activity#com.mobnote.golukmain.adas.AdasGuideActivity
ADDED from src\main\AndroidManifest.xml:367:9-371:63
	android:screenOrientation
		ADDED from src\main\AndroidManifest.xml:370:13-49
	android:configChanges
		ADDED from src\main\AndroidManifest.xml:369:13-74
	android:theme
		ADDED from src\main\AndroidManifest.xml:371:13-60
	android:name
		ADDED from src\main\AndroidManifest.xml:368:13-72
activity#com.mobnote.golukmain.carrecorder.settings.AdasSensibilityActivity
ADDED from src\main\AndroidManifest.xml:372:9-376:63
	android:screenOrientation
		ADDED from src\main\AndroidManifest.xml:375:13-49
	android:configChanges
		ADDED from src\main\AndroidManifest.xml:374:13-74
	android:theme
		ADDED from src\main\AndroidManifest.xml:376:13-60
	android:name
		ADDED from src\main\AndroidManifest.xml:373:13-94
activity#com.mobnote.golukmain.adas.AdasVehicleConfigActivity
ADDED from src\main\AndroidManifest.xml:377:9-382:74
	android:windowSoftInputMode
		ADDED from src\main\AndroidManifest.xml:382:13-71
	android:screenOrientation
		ADDED from src\main\AndroidManifest.xml:380:13-49
	android:configChanges
		ADDED from src\main\AndroidManifest.xml:379:13-74
	android:theme
		ADDED from src\main\AndroidManifest.xml:381:13-60
	android:name
		ADDED from src\main\AndroidManifest.xml:378:13-80
activity#com.mobnote.golukmain.adas.AdasSeletedVehicleTypeActivity
ADDED from src\main\AndroidManifest.xml:383:9-387:63
	android:screenOrientation
		ADDED from src\main\AndroidManifest.xml:386:13-49
	android:configChanges
		ADDED from src\main\AndroidManifest.xml:385:13-74
	android:theme
		ADDED from src\main\AndroidManifest.xml:387:13-60
	android:name
		ADDED from src\main\AndroidManifest.xml:384:13-85
activity#com.mobnote.golukmain.adas.AdasConfigActivity
ADDED from src\main\AndroidManifest.xml:388:9-392:63
	android:screenOrientation
		ADDED from src\main\AndroidManifest.xml:391:13-49
	android:configChanges
		ADDED from src\main\AndroidManifest.xml:390:13-74
	android:theme
		ADDED from src\main\AndroidManifest.xml:392:13-60
	android:name
		ADDED from src\main\AndroidManifest.xml:389:13-73
meta-data#com.mobnote.util.GlideConfiguration
ADDED from src\main\AndroidManifest.xml:394:9-396:43
	android:name
		ADDED from src\main\AndroidManifest.xml:395:13-63
	android:value
		ADDED from src\main\AndroidManifest.xml:396:13-40
meta-data#UMENG_APPKEY
ADDED from src\main\AndroidManifest.xml:398:9-400:56
	android:name
		ADDED from src\main\AndroidManifest.xml:399:13-40
	android:value
		ADDED from src\main\AndroidManifest.xml:400:13-53
meta-data#UMENG_CHANNEL
ADDED from src\main\AndroidManifest.xml:401:9-403:39
	android:name
		ADDED from src\main\AndroidManifest.xml:402:13-41
	android:value